2025-11-07 11:48:28,471 - INFO - ----knn--------
2025-11-07 11:48:28,498 - INFO - Test Accuracy KNN : 0.7019162526614621
2025-11-07 11:48:28,519 - INFO - confusion matrix : [[699 337]
 [ 83 290]]
2025-11-07 11:48:28,548 - INFO - classification_report :               precision    recall  f1-score   support

           0       0.89      0.67      0.77      1036
           1       0.46      0.78      0.58       373

    accuracy                           0.70      1409
   macro avg       0.68      0.73      0.67      1409
weighted avg       0.78      0.70      0.72      1409

2025-11-07 11:48:28,572 - INFO - ----NB--------
2025-11-07 11:48:28,577 - INFO - Test Accuracy NB : 0.6706884315117104
2025-11-07 11:48:28,579 - INFO - confusion matrix : [[615 421]
 [ 43 330]]
2025-11-07 11:48:28,586 - INFO - classification_report :               precision    recall  f1-score   support

           0       0.93      0.59      0.73      1036
           1       0.44      0.88      0.59       373

    accuracy                           0.67      1409
   macro avg       0.69      0.74      0.66      1409
weighted avg       0.80      0.67      0.69      1409

2025-11-07 11:48:28,587 - INFO - ----LR--------
2025-11-07 11:48:28,615 - INFO - Test Accuracy LR : 0.7558552164655784
2025-11-07 11:48:28,616 - INFO - confusion matrix : [[757 279]
 [ 65 308]]
2025-11-07 11:48:28,622 - INFO - classification_report :               precision    recall  f1-score   support

           0       0.92      0.73      0.81      1036
           1       0.52      0.83      0.64       373

    accuracy                           0.76      1409
   macro avg       0.72      0.78      0.73      1409
weighted avg       0.82      0.76      0.77      1409

2025-11-07 11:48:28,623 - INFO - ----dt--------
2025-11-07 11:48:28,686 - INFO - Test Accuracy DT : 0.7203690560681334
2025-11-07 11:48:28,687 - INFO - confusion matrix : [[828 208]
 [186 187]]
2025-11-07 11:48:28,693 - INFO - classification_report :               precision    recall  f1-score   support

           0       0.82      0.80      0.81      1036
           1       0.47      0.50      0.49       373

    accuracy                           0.72      1409
   macro avg       0.64      0.65      0.65      1409
weighted avg       0.73      0.72      0.72      1409

2025-11-07 11:48:28,694 - INFO - ----rf--------
2025-11-07 11:48:28,762 - INFO - Test Accuracy RF : 0.7799858055358411
2025-11-07 11:48:28,765 - INFO - confusion matrix : [[889 147]
 [163 210]]
2025-11-07 11:48:28,772 - INFO - classification_report :               precision    recall  f1-score   support

           0       0.85      0.86      0.85      1036
           1       0.59      0.56      0.58       373

    accuracy                           0.78      1409
   macro avg       0.72      0.71      0.71      1409
weighted avg       0.78      0.78      0.78      1409

2025-11-07 11:48:28,775 - INFO - ----svm--------
2025-11-07 11:48:31,017 - INFO - Test Accuracy RF : 0.7636621717530163
2025-11-07 11:48:31,612 - INFO - confusion matrix : [[782 254]
 [ 79 294]]
2025-11-07 11:48:32,199 - INFO - classification_report :               precision    recall  f1-score   support

           0       0.91      0.75      0.82      1036
           1       0.54      0.79      0.64       373

    accuracy                           0.76      1409
   macro avg       0.72      0.77      0.73      1409
weighted avg       0.81      0.76      0.78      1409

2025-11-07 11:48:32,827 - INFO - --------AUC--ROC----------
2025-11-07 11:48:32,831 - INFO - KNN:-0.7260951587359095
2025-11-07 11:48:32,832 - INFO - NB:-0.7391739211444306
2025-11-07 11:48:32,832 - INFO - lr:-0.7782161230552652
2025-11-07 11:48:32,832 - INFO - dt:-0.6502841409007629
2025-11-07 11:48:32,832 - INFO - rf:-0.7105553945366277
2025-11-07 11:48:32,832 - INFO - svm:-0.7715150040887306
